----------

Wed Dec 04 2019 17:51:12 GMT+0100 (W. Europe Standard Time)

'E:\Git' is not recognized as an internal or external command,
operable program or batch file.


----------

Wed Dec 04 2019 18:34:46 GMT+0100 (W. Europe Standard Time)

'E:\Git' is not recognized as an internal or external command,
operable program or batch file.


----------

Wed Dec 04 2019 19:35:53 GMT+0100 (W. Europe Standard Time)

'E:\Git' is not recognized as an internal or external command,
operable program or batch file.


----------

Sat Dec 07 2019 13:38:30 GMT+0100 (W. Europe Standard Time)

'E:\Git' is not recognized as an internal or external command,
operable program or batch file.


----------

Sat Dec 21 2019 15:07:53 GMT+0100 (W. Europe Standard Time)

'E:\Git' is not recognized as an internal or external command,
operable program or batch file.


----------

Mon Feb 03 2020 15:05:02 GMT+0100 (W. Europe Standard Time)

'E:\Git' is not recognized as an internal or external command,
operable program or batch file.


----------

Sat Feb 15 2020 01:09:03 GMT+0100 (W. Europe Standard Time)

'E:\Git' is not recognized as an internal or external command,
operable program or batch file.


----------

Tue Jul 07 2020 19:04:14 GMT+0200 (Central European Summer Time)

'E:\Git' is not recognized as an internal or external command,
operable program or batch file.


----------

Fri Jul 10 2020 20:53:08 GMT+0200 (Central European Summer Time)

'E:\Git' is not recognized as an internal or external command,
operable program or batch file.


----------

Sun Jul 19 2020 13:45:20 GMT+0200 (Central European Summer Time)

'E:\Git' is not recognized as an internal or external command,
operable program or batch file.


----------

Mon Jul 27 2020 19:24:46 GMT+0200 (Central European Summer Time)

'E:\Git' is not recognized as an internal or external command,
operable program or batch file.


----------

Mon Jul 27 2020 19:29:36 GMT+0200 (Central European Summer Time)

'E:\Git' is not recognized as an internal or external command,
operable program or batch file.


----------

Mon Jul 27 2020 19:31:49 GMT+0200 (Central European Summer Time)

'E:\Git' is not recognized as an internal or external command,
operable program or batch file.


----------

Mon Jul 27 2020 20:11:23 GMT+0200 (Central European Summer Time)

'E:\Git' is not recognized as an internal or external command,
operable program or batch file.


----------

Fri Sep 04 2020 12:29:23 GMT+0200 (Central European Summer Time)

'E:\Git' is not recognized as an internal or external command,
operable program or batch file.


----------

Fri Sep 04 2020 12:40:29 GMT+0200 (Central European Summer Time)

'E:\Git' is not recognized as an internal or external command,
operable program or batch file.


